09:58:02 - INF - <module> - ('Servicio Iniciado',)
09:58:03 - INF - <module> - ('Servicio Iniciado',)
10:02:33 - INF - <module> - ('Servicio Finalizado',)
10:02:33 - INF - <module> - ('Servicio Finalizado',)
10:02:35 - INF - <module> - ('Servicio Iniciado',)
10:02:36 - INF - <module> - ('Servicio Iniciado',)
10:04:06 - INF - post - ('Ingreso a Validar el Login',)
10:04:06 - INF - Login - ('Login Exitoso para usuario: admin',)
10:53:30 - INF - <module> - ('Servicio Finalizado',)
10:53:30 - INF - <module> - ('Servicio Finalizado',)
11:14:52 - INF - <module> - ('Servicio Iniciado',)
11:14:53 - INF - <module> - ('Servicio Iniciado',)
11:15:41 - INF - post - ('Ingreso a Validar el Login',)
11:15:42 - INF - Login - ('Login No existoso para usuario: string',)
11:15:59 - INF - post - ('Ingreso a Validar el Login',)
11:15:59 - INF - Login - ('Login Exitoso para usuario: admin',)
11:18:06 - INF - <module> - ('Servicio Finalizado',)
11:18:07 - INF - <module> - ('Servicio Iniciado',)
11:20:45 - INF - <module> - ('Servicio Finalizado',)
11:20:47 - INF - <module> - ('Servicio Iniciado',)
11:21:59 - INF - <module> - ('Servicio Finalizado',)
11:21:59 - INF - <module> - ('Servicio Iniciado',)
11:22:14 - INF - <module> - ('Servicio Finalizado',)
11:22:14 - INF - <module> - ('Servicio Finalizado',)
11:22:15 - INF - <module> - ('Servicio Iniciado',)
11:22:16 - INF - <module> - ('Servicio Iniciado',)
11:22:43 - INF - post - ('Ingreso a Validar el Login',)
11:22:43 - INF - Login - ('Login Exitoso para usuario: admin',)
11:23:25 - INF - <module> - ('Servicio Finalizado',)
11:23:25 - INF - <module> - ('Servicio Finalizado',)
11:33:43 - INF - <module> - ('Servicio Iniciado',)
11:33:44 - INF - <module> - ('Servicio Iniciado',)
11:34:05 - INF - get - ('Listado de Usuarios',)
11:34:44 - INF - <module> - ('Servicio Finalizado',)
11:34:46 - INF - <module> - ('Servicio Iniciado',)
11:36:39 - INF - <module> - ('Servicio Finalizado',)
11:36:40 - INF - <module> - ('Servicio Iniciado',)
11:36:45 - INF - <module> - ('Servicio Finalizado',)
11:36:46 - INF - <module> - ('Servicio Iniciado',)
11:38:19 - INF - <module> - ('Servicio Finalizado',)
11:38:20 - INF - <module> - ('Servicio Iniciado',)
11:38:28 - INF - <module> - ('Servicio Finalizado',)
11:38:29 - INF - <module> - ('Servicio Iniciado',)
11:38:40 - INF - <module> - ('Servicio Finalizado',)
11:38:41 - INF - <module> - ('Servicio Finalizado',)
11:38:42 - INF - <module> - ('Servicio Iniciado',)
11:38:43 - INF - <module> - ('Servicio Iniciado',)
11:38:47 - INF - get - ('Listado de Usuarios',)
11:48:27 - INF - <module> - ('Servicio Finalizado',)
11:48:27 - INF - <module> - ('Servicio Finalizado',)
