11:23:34 - INF - <module> - ('Servicio Iniciado',)
11:23:35 - INF - <module> - ('Servicio Iniciado',)
11:24:15 - INF - post - ('Ingreso a Validar el Login',)
11:24:15 - INF - Login - ('Login Exitoso para usuario: admin',)
11:24:47 - INF - post - ('Ingreso a Validar el Login',)
11:24:47 - INF - Login - ('Login Exitoso para usuario: admin',)
11:26:57 - INF - get - ('Listado de Usuarios',)
11:28:01 - INF - get - ('Listado de Usuarios',)
11:29:19 - INF - get - ('Listado de Usuarios',)
11:32:54 - INF - <module> - ('Servicio Finalizado',)
11:32:54 - INF - <module> - ('Servicio Finalizado',)
11:49:00 - INF - <module> - ('Servicio Iniciado',)
11:49:01 - INF - <module> - ('Servicio Iniciado',)
11:50:11 - INF - get - ('Listado de Usuarios',)
11:50:38 - INF - post - ('Ingreso a Validar el Login',)
11:50:39 - INF - Login - ('Login Exitoso para usuario: admin',)
11:51:11 - INF - get - ('Listado de Usuarios',)
11:57:54 - INF - <module> - ('Servicio Finalizado',)
11:57:56 - INF - <module> - ('Servicio Iniciado',)
11:57:56 - INF - <module> - ('Servicio Finalizado',)
11:57:56 - INF - <module> - ('Servicio Finalizado',)
11:57:58 - INF - <module> - ('Servicio Iniciado',)
11:57:59 - INF - <module> - ('Servicio Iniciado',)
11:58:28 - INF - post - ('Ingreso a Validar el Login',)
11:58:28 - INF - Login - ('Login Exitoso para usuario: admin',)
11:59:29 - INF - get - ('Listado de Usuarios',)
12:12:12 - INF - <module> - ('Servicio Finalizado',)
12:12:13 - INF - <module> - ('Servicio Iniciado',)
12:14:29 - INF - <module> - ('Servicio Finalizado',)
12:14:29 - INF - <module> - ('Servicio Iniciado',)
12:16:55 - INF - <module> - ('Servicio Finalizado',)
12:16:55 - INF - <module> - ('Servicio Iniciado',)
12:17:14 - INF - <module> - ('Servicio Finalizado',)
12:17:15 - INF - <module> - ('Servicio Finalizado',)
12:20:26 - INF - <module> - ('Servicio Iniciado',)
12:20:26 - INF - <module> - ('Servicio Iniciado',)
12:20:57 - INF - get - ('Listado de Usuarios',)
12:21:08 - INF - post - ('Ingreso a Validar el Login',)
12:21:09 - INF - Login - ('Login Exitoso para usuario: admin',)
12:21:48 - INF - get - ('Listado de Usuarios',)
12:38:02 - INF - <module> - ('Servicio Finalizado',)
12:38:03 - INF - <module> - ('Servicio Finalizado',)
